2022-12-29 22:20:51.249 [info] Log level: Info
2022-12-29 22:20:51.249 [info] Validating found git in: "git"
2022-12-29 22:20:51.249 [info] Using git "2.34.1" from "git"
2022-12-29 22:20:51.250 [info] > git rev-parse --show-toplevel [191ms]
2022-12-29 22:20:51.250 [info] fatal: not a git repository (or any of the parent directories): .git
2022-12-29 22:20:51.250 [info] > git rev-parse --show-toplevel [7ms]
2022-12-29 22:20:51.250 [info] fatal: not a git repository (or any of the parent directories): .git
2022-12-29 22:20:51.250 [info] > git rev-parse --show-toplevel [50ms]
2022-12-29 22:20:51.250 [info] fatal: not a git repository (or any of the parent directories): .git
2022-12-29 22:20:51.250 [info] > git rev-parse --show-toplevel [4ms]
2022-12-29 22:20:51.250 [info] fatal: not a git repository (or any of the parent directories): .git
2022-12-29 22:20:51.251 [info] > git rev-parse --show-toplevel [7ms]
2022-12-29 22:20:51.251 [info] fatal: not a git repository (or any of the parent directories): .git
2022-12-29 22:20:51.251 [info] > git rev-parse --show-toplevel [7ms]
2022-12-29 22:20:51.251 [info] fatal: not a git repository (or any of the parent directories): .git
2022-12-29 22:20:51.251 [info] > git rev-parse --show-toplevel [47ms]
2022-12-29 22:20:51.251 [info] fatal: not a git repository (or any of the parent directories): .git
2022-12-29 22:20:51.251 [info] > git rev-parse --show-toplevel [6ms]
2022-12-29 22:20:51.251 [info] fatal: not a git repository (or any of the parent directories): .git
2022-12-29 22:20:55.709 [info] > git rev-parse --show-toplevel [6ms]
2022-12-29 22:20:55.709 [info] fatal: not a git repository (or any of the parent directories): .git
2022-12-29 22:25:10.058 [info] > git rev-parse --show-toplevel [4ms]
2022-12-29 22:25:10.058 [info] fatal: not a git repository (or any of the parent directories): .git
2022-12-29 22:25:33.632 [info] > git rev-parse --show-toplevel [5ms]
2022-12-29 22:25:33.633 [info] fatal: not a git repository (or any of the parent directories): .git
2022-12-29 22:25:46.395 [info] > git rev-parse --show-toplevel [5ms]
2022-12-29 22:25:46.395 [info] fatal: not a git repository (or any of the parent directories): .git
2022-12-29 22:25:55.623 [info] > git rev-parse --show-toplevel [10ms]
2022-12-29 22:25:55.623 [info] fatal: not a git repository (or any of the parent directories): .git
2022-12-29 22:46:29.653 [info] > git rev-parse --show-toplevel [6ms]
2022-12-29 22:46:29.653 [info] fatal: not a git repository (or any of the parent directories): .git
2022-12-29 22:47:31.661 [info] > git rev-parse --show-toplevel [6ms]
2022-12-29 22:47:31.661 [info] fatal: not a git repository (or any of the parent directories): .git
2022-12-29 22:52:05.649 [info] > git rev-parse --show-toplevel [6ms]
2022-12-29 22:52:05.649 [info] fatal: not a git repository (or any of the parent directories): .git
2022-12-29 22:55:43.145 [info] > git rev-parse --show-toplevel [5ms]
2022-12-29 22:55:43.145 [info] fatal: not a git repository (or any of the parent directories): .git
2022-12-29 23:09:35.074 [info] > git rev-parse --show-toplevel [4ms]
2022-12-29 23:09:35.075 [info] fatal: not a git repository (or any of the parent directories): .git
