*
* Visual Studio Code Server
*
* By using the software, you agree to
* the Visual Studio Code Server License Terms (https://aka.ms/vscode-server-license) and
* the Microsoft Privacy Statement (https://privacy.microsoft.com/en-US/privacystatement).
*
Server bound to 127.0.0.1:36907 (IPv4)
Extension host agent listening on 36907

[14:24:07] Extension host agent started.
[14:24:08] [127.0.0.1][d01354b4][ManagementConnection] New connection established.
[14:24:08] [127.0.0.1][c79ee360][ExtensionHostConnection] New connection established.
[14:24:08] [127.0.0.1][c79ee360][ExtensionHostConnection] <3316> Launched Extension Host Process.
[IPC Library: Pty Host]  WARN Shell integration cannot be enabled for executable "/bin/sh" and args [
  '-c',
  'wget --version > /dev/null\n' +
    'if [ $? -eq 0 ]\n' +
    'then\n' +
    "\twget --connect-timeout=7 --tries=1 --dns-timeout=7 -q --header='Metadata:true' -O - http://169.254.169.254/metadata/instance?api-version=2019-03-11\n" +
    'else\n' +
    '\tcurl --version > /dev/null\n' +
    '\tif [ $? -eq 0 ]\n' +
    '\tthen\n' +
    "\t\tcurl --connect-timeout 7 -s --header='Metadata:true' http://169.254.169.254/metadata/instance?api-version=2019-03-11\n" +
    '\tfi\n' +
    'fi\n' +
    'exit 0'
]
[IPC Library: Pty Host]  WARN Shell integration cannot be enabled for executable "/bin/sh" and args [
  '-c',
  'wget --version > /dev/null\n' +
    'if [ $? -eq 0 ]\n' +
    'then\n' +
    '\twget --connect-timeout=7 --tries=1 --dns-timeout=7 -q  -O - http://169.254.169.254/latest/meta-data/instance-id\n' +
    'else\n' +
    '\tcurl --version > /dev/null\n' +
    '\tif [ $? -eq 0 ]\n' +
    '\tthen\n' +
    '\t\tcurl --connect-timeout 7 -s  http://169.254.169.254/latest/meta-data/instance-id\n' +
    '\tfi\n' +
    'fi\n' +
    'exit 0'
]
[IPC Library: Pty Host]  WARN Shell integration cannot be enabled for executable "/bin/sh" and args [
  '-c',
  'wget --version > /dev/null\n' +
    'if [ $? -eq 0 ]\n' +
    'then\n' +
    '\twget --connect-timeout=7 --tries=1 --dns-timeout=7 -q  -O - http://169.254.169.254/metadata/v1/id\n' +
    'else\n' +
    '\tcurl --version > /dev/null\n' +
    '\tif [ $? -eq 0 ]\n' +
    '\tthen\n' +
    '\t\tcurl --connect-timeout 7 -s  http://169.254.169.254/metadata/v1/id\n' +
    '\tfi\n' +
    'fi\n' +
    'exit 0'
]
[IPC Library: Pty Host]  WARN Shell integration cannot be enabled for executable "/bin/sh" and args [
  '-c',
  'wget --version > /dev/null\n' +
    'if [ $? -eq 0 ]\n' +
    'then\n' +
    "\twget --connect-timeout=7 --tries=1 --dns-timeout=7 -q --header='Metadata-Flavor:Google' -O - http://metadata.google.internal/computeMetadata/v1/instance/id\n" +
    'else\n' +
    '\tcurl --version > /dev/null\n' +
    '\tif [ $? -eq 0 ]\n' +
    '\tthen\n' +
    "\t\tcurl --connect-timeout 7 -s --header='Metadata-Flavor:Google' http://metadata.google.internal/computeMetadata/v1/instance/id\n" +
    '\tfi\n' +
    'fi\n' +
    'exit 0'
]
[14:24:12] [127.0.0.1][d01354b4][ManagementConnection] The client has disconnected gracefully, so the connection will be disposed.
[14:24:12] [127.0.0.1][c79ee360][ExtensionHostConnection] <3316> Extension Host Process exited with code: 0, signal: null.
Last EH closed, waiting before shutting down
[14:24:12] Last EH closed, waiting before shutting down
Got delay-shutdown request while in shutdown timeout, delaying
[14:24:18] Got delay-shutdown request while in shutdown timeout, delaying
Cancelling previous shutdown timeout
[14:24:18] Cancelling previous shutdown timeout
[14:24:18] [127.0.0.1][ba2f0707][ManagementConnection] New connection established.
[14:24:18] [127.0.0.1][0c080e55][ExtensionHostConnection] New connection established.
[14:24:18] [127.0.0.1][0c080e55][ExtensionHostConnection] <3454> Launched Extension Host Process.
[IPC Library: Pty Host]  WARN Shell integration cannot be enabled for executable "/bin/sh" and args [
  '-c',
  'wget --version > /dev/null\n' +
    'if [ $? -eq 0 ]\n' +
    'then\n' +
    "\twget --connect-timeout=7 --tries=1 --dns-timeout=7 -q --header='Metadata:true' -O - http://169.254.169.254/metadata/instance?api-version=2019-03-11\n" +
    'else\n' +
    '\tcurl --version > /dev/null\n' +
    '\tif [ $? -eq 0 ]\n' +
    '\tthen\n' +
    "\t\tcurl --connect-timeout 7 -s --header='Metadata:true' http://169.254.169.254/metadata/instance?api-version=2019-03-11\n" +
    '\tfi\n' +
    'fi\n' +
    'exit 0'
]
[IPC Library: Pty Host]  WARN Shell integration cannot be enabled for executable "/bin/sh" and args [
  '-c',
  'wget --version > /dev/null\n' +
    'if [ $? -eq 0 ]\n' +
    'then\n' +
    '\twget --connect-timeout=7 --tries=1 --dns-timeout=7 -q  -O - http://169.254.169.254/latest/meta-data/instance-id\n' +
    'else\n' +
    '\tcurl --version > /dev/null\n' +
    '\tif [ $? -eq 0 ]\n' +
    '\tthen\n' +
    '\t\tcurl --connect-timeout 7 -s  http://169.254.169.254/latest/meta-data/instance-id\n' +
    '\tfi\n' +
    'fi\n' +
    'exit 0'
]
[IPC Library: Pty Host]  WARN Shell integration cannot be enabled for executable "/bin/sh" and args [
  '-c',
  'wget --version > /dev/null\n' +
    'if [ $? -eq 0 ]\n' +
    'then\n' +
    '\twget --connect-timeout=7 --tries=1 --dns-timeout=7 -q  -O - http://169.254.169.254/metadata/v1/id\n' +
    'else\n' +
    '\tcurl --version > /dev/null\n' +
    '\tif [ $? -eq 0 ]\n' +
    '\tthen\n' +
    '\t\tcurl --connect-timeout 7 -s  http://169.254.169.254/metadata/v1/id\n' +
    '\tfi\n' +
    'fi\n' +
    'exit 0'
]
[IPC Library: Pty Host]  WARN Shell integration cannot be enabled for executable "/bin/sh" and args [
  '-c',
  'wget --version > /dev/null\n' +
    'if [ $? -eq 0 ]\n' +
    'then\n' +
    "\twget --connect-timeout=7 --tries=1 --dns-timeout=7 -q --header='Metadata-Flavor:Google' -O - http://metadata.google.internal/computeMetadata/v1/instance/id\n" +
    'else\n' +
    '\tcurl --version > /dev/null\n' +
    '\tif [ $? -eq 0 ]\n' +
    '\tthen\n' +
    "\t\tcurl --connect-timeout 7 -s --header='Metadata-Flavor:Google' http://metadata.google.internal/computeMetadata/v1/instance/id\n" +
    '\tfi\n' +
    'fi\n' +
    'exit 0'
]
rejected promise not handled within 1 second: CodeExpectedError: Could not find pty on pty host
stack trace: CodeExpectedError: Could not find pty on pty host
    at h.J (/home/atled/.vscode-server/bin/e8a3071ea4344d9d48ef8a4df2c097372b0c5161/out/vs/platform/terminal/node/ptyHostMain.js:27:6395)
    at h.updateIcon (/home/atled/.vscode-server/bin/e8a3071ea4344d9d48ef8a4df2c097372b0c5161/out/vs/platform/terminal/node/ptyHostMain.js:27:2715)
    at Object.call (/home/atled/.vscode-server/bin/e8a3071ea4344d9d48ef8a4df2c097372b0c5161/out/vs/platform/terminal/node/ptyHostMain.js:17:5110)
    at r.q (/home/atled/.vscode-server/bin/e8a3071ea4344d9d48ef8a4df2c097372b0c5161/out/vs/platform/terminal/node/ptyHostMain.js:15:5390)
    at r.p (/home/atled/.vscode-server/bin/e8a3071ea4344d9d48ef8a4df2c097372b0c5161/out/vs/platform/terminal/node/ptyHostMain.js:15:4881)
    at /home/atled/.vscode-server/bin/e8a3071ea4344d9d48ef8a4df2c097372b0c5161/out/vs/platform/terminal/node/ptyHostMain.js:15:4286
    at n.invoke (/home/atled/.vscode-server/bin/e8a3071ea4344d9d48ef8a4df2c097372b0c5161/out/vs/platform/terminal/node/ptyHostMain.js:11:145)
    at C.deliver (/home/atled/.vscode-server/bin/e8a3071ea4344d9d48ef8a4df2c097372b0c5161/out/vs/platform/terminal/node/ptyHostMain.js:11:2038)
    at v.fire (/home/atled/.vscode-server/bin/e8a3071ea4344d9d48ef8a4df2c097372b0c5161/out/vs/platform/terminal/node/ptyHostMain.js:11:1676)
    at process.O (/home/atled/.vscode-server/bin/e8a3071ea4344d9d48ef8a4df2c097372b0c5161/out/vs/platform/terminal/node/ptyHostMain.js:9:20886)
    at process.emit (node:events:526:28)
    at emit (node:internal/child_process:938:14)
    at processTicksAndRejections (node:internal/process/task_queues:84:21)
[14:24:22] Error [CodeExpectedError]: Could not find pty on pty host
    at h.J (/home/atled/.vscode-server/bin/e8a3071ea4344d9d48ef8a4df2c097372b0c5161/out/vs/platform/terminal/node/ptyHostMain.js:27:6395)
    at h.updateIcon (/home/atled/.vscode-server/bin/e8a3071ea4344d9d48ef8a4df2c097372b0c5161/out/vs/platform/terminal/node/ptyHostMain.js:27:2715)
    at Object.call (/home/atled/.vscode-server/bin/e8a3071ea4344d9d48ef8a4df2c097372b0c5161/out/vs/platform/terminal/node/ptyHostMain.js:17:5110)
    at r.q (/home/atled/.vscode-server/bin/e8a3071ea4344d9d48ef8a4df2c097372b0c5161/out/vs/platform/terminal/node/ptyHostMain.js:15:5390)
    at r.p (/home/atled/.vscode-server/bin/e8a3071ea4344d9d48ef8a4df2c097372b0c5161/out/vs/platform/terminal/node/ptyHostMain.js:15:4881)
    at /home/atled/.vscode-server/bin/e8a3071ea4344d9d48ef8a4df2c097372b0c5161/out/vs/platform/terminal/node/ptyHostMain.js:15:4286
    at n.invoke (/home/atled/.vscode-server/bin/e8a3071ea4344d9d48ef8a4df2c097372b0c5161/out/vs/platform/terminal/node/ptyHostMain.js:11:145)
    at C.deliver (/home/atled/.vscode-server/bin/e8a3071ea4344d9d48ef8a4df2c097372b0c5161/out/vs/platform/terminal/node/ptyHostMain.js:11:2038)
    at v.fire (/home/atled/.vscode-server/bin/e8a3071ea4344d9d48ef8a4df2c097372b0c5161/out/vs/platform/terminal/node/ptyHostMain.js:11:1676)
    at process.O (/home/atled/.vscode-server/bin/e8a3071ea4344d9d48ef8a4df2c097372b0c5161/out/vs/platform/terminal/node/ptyHostMain.js:9:20886)
    at process.emit (node:events:526:28)
    at emit (node:internal/child_process:938:14)
    at processTicksAndRejections (node:internal/process/task_queues:84:21)
rejected promise not handled within 1 second: CodeExpectedError: Could not find pty on pty host
stack trace: CodeExpectedError: Could not find pty on pty host
    at h.J (/home/atled/.vscode-server/bin/e8a3071ea4344d9d48ef8a4df2c097372b0c5161/out/vs/platform/terminal/node/ptyHostMain.js:27:6395)
    at h.updateTitle (/home/atled/.vscode-server/bin/e8a3071ea4344d9d48ef8a4df2c097372b0c5161/out/vs/platform/terminal/node/ptyHostMain.js:27:2665)
    at Object.call (/home/atled/.vscode-server/bin/e8a3071ea4344d9d48ef8a4df2c097372b0c5161/out/vs/platform/terminal/node/ptyHostMain.js:17:5110)
    at r.q (/home/atled/.vscode-server/bin/e8a3071ea4344d9d48ef8a4df2c097372b0c5161/out/vs/platform/terminal/node/ptyHostMain.js:15:5390)
    at r.p (/home/atled/.vscode-server/bin/e8a3071ea4344d9d48ef8a4df2c097372b0c5161/out/vs/platform/terminal/node/ptyHostMain.js:15:4881)
    at /home/atled/.vscode-server/bin/e8a3071ea4344d9d48ef8a4df2c097372b0c5161/out/vs/platform/terminal/node/ptyHostMain.js:15:4286
    at n.invoke (/home/atled/.vscode-server/bin/e8a3071ea4344d9d48ef8a4df2c097372b0c5161/out/vs/platform/terminal/node/ptyHostMain.js:11:145)
    at C.deliver (/home/atled/.vscode-server/bin/e8a3071ea4344d9d48ef8a4df2c097372b0c5161/out/vs/platform/terminal/node/ptyHostMain.js:11:2038)
    at v.fire (/home/atled/.vscode-server/bin/e8a3071ea4344d9d48ef8a4df2c097372b0c5161/out/vs/platform/terminal/node/ptyHostMain.js:11:1676)
    at process.O (/home/atled/.vscode-server/bin/e8a3071ea4344d9d48ef8a4df2c097372b0c5161/out/vs/platform/terminal/node/ptyHostMain.js:9:20886)
    at process.emit (node:events:526:28)
    at emit (node:internal/child_process:938:14)
    at processTicksAndRejections (node:internal/process/task_queues:84:21)
[14:24:22] Error [CodeExpectedError]: Could not find pty on pty host
    at h.J (/home/atled/.vscode-server/bin/e8a3071ea4344d9d48ef8a4df2c097372b0c5161/out/vs/platform/terminal/node/ptyHostMain.js:27:6395)
    at h.updateTitle (/home/atled/.vscode-server/bin/e8a3071ea4344d9d48ef8a4df2c097372b0c5161/out/vs/platform/terminal/node/ptyHostMain.js:27:2665)
    at Object.call (/home/atled/.vscode-server/bin/e8a3071ea4344d9d48ef8a4df2c097372b0c5161/out/vs/platform/terminal/node/ptyHostMain.js:17:5110)
    at r.q (/home/atled/.vscode-server/bin/e8a3071ea4344d9d48ef8a4df2c097372b0c5161/out/vs/platform/terminal/node/ptyHostMain.js:15:5390)
    at r.p (/home/atled/.vscode-server/bin/e8a3071ea4344d9d48ef8a4df2c097372b0c5161/out/vs/platform/terminal/node/ptyHostMain.js:15:4881)
    at /home/atled/.vscode-server/bin/e8a3071ea4344d9d48ef8a4df2c097372b0c5161/out/vs/platform/terminal/node/ptyHostMain.js:15:4286
    at n.invoke (/home/atled/.vscode-server/bin/e8a3071ea4344d9d48ef8a4df2c097372b0c5161/out/vs/platform/terminal/node/ptyHostMain.js:11:145)
    at C.deliver (/home/atled/.vscode-server/bin/e8a3071ea4344d9d48ef8a4df2c097372b0c5161/out/vs/platform/terminal/node/ptyHostMain.js:11:2038)
    at v.fire (/home/atled/.vscode-server/bin/e8a3071ea4344d9d48ef8a4df2c097372b0c5161/out/vs/platform/terminal/node/ptyHostMain.js:11:1676)
    at process.O (/home/atled/.vscode-server/bin/e8a3071ea4344d9d48ef8a4df2c097372b0c5161/out/vs/platform/terminal/node/ptyHostMain.js:9:20886)
    at process.emit (node:events:526:28)
    at emit (node:internal/child_process:938:14)
    at processTicksAndRejections (node:internal/process/task_queues:84:21)
New EH opened, aborting shutdown
[14:29:18] New EH opened, aborting shutdown
